date: 2014-04-08 22:19:05.251
argv: node /usr/local/bin/hexo generate
os: Linux 3.11.0-15-generic linux x64
version:
  hexo: 2.5.2
  http_parser: 1.0
  node: 0.10.17
  v8: 3.14.5.9
  ares: 1.9.0-DEV
  uv: 0.10.14
  zlib: 1.2.3
  modules: 11
  openssl: 1.0.1e
---

[debug] 22:19:04.929 Config file loaded
[debug] 22:19:04.930 Version info checked successfully
[debug] 22:19:04.946 Loading database.
[debug] 22:19:05.037 Processed: LICENSE
[debug] 22:19:05.037 Processed: README.md
[debug] 22:19:05.202 Processed: source/css/_base/layout.styl
[debug] 22:19:05.202 Processed: source/css/_base/variable.styl
[debug] 22:19:05.202 Processed: source/css/_partial/archive.styl
[debug] 22:19:05.202 Processed: source/css/_partial/article.styl
[debug] 22:19:05.202 Processed: source/css/_partial/comment.styl
[debug] 22:19:05.202 Processed: source/css/_partial/footer.styl
[debug] 22:19:05.202 Processed: source/css/_partial/header.styl
[debug] 22:19:05.202 Processed: source/css/_partial/index.styl
[debug] 22:19:05.202 Processed: source/css/_partial/syntax.styl
[debug] 22:19:05.211 Processed: source/fancybox/blank.gif
[debug] 22:19:05.212 Processed: source/fancybox/fancybox_loading.gif
[debug] 22:19:05.212 Processed: source/fancybox/fancybox_overlay.png
[debug] 22:19:05.213 Processed: source/fancybox/fancybox_sprite.png
[debug] 22:19:05.214 Processed: source/fancybox/jquery.fancybox.css
[debug] 22:19:05.216 Processed: source/fancybox/jquery.fancybox.pack.js
[debug] 22:19:05.217 Processed: source/js/gallery.js
[debug] 22:19:05.218 Processed: source/js/jquery.imagesloaded.min.js
[debug] 22:19:05.219 Processed: source/js/moment.min.js
[debug] 22:19:05.220 Processed: source/js/scale.fix.js
[debug] 22:19:05.221 Processed: source/css/style.styl
[debug] 22:19:05.222 Processed: source/css/fonts/FontAwesome.otf
[debug] 22:19:05.225 Processed: source/css/fonts/fontawesome-webfont.eot
[debug] 22:19:05.227 Processed: source/css/fonts/fontawesome-webfont.svg
[debug] 22:19:05.228 Processed: source/css/fonts/fontawesome-webfont.ttf
[debug] 22:19:05.230 Processed: source/css/fonts/fontawesome-webfont.woff
[debug] 22:19:05.231 Processed: source/css/images/checker.png
[debug] 22:19:05.232 Processed: layout/archive.ejs
[debug] 22:19:05.232 Processed: layout/index.ejs
[debug] 22:19:05.232 Processed: layout/layout.ejs
[debug] 22:19:05.232 Processed: layout/page.ejs
[debug] 22:19:05.232 Processed: layout/post.ejs
[debug] 22:19:05.232 Processed: layout/tag.ejs
[debug] 22:19:05.232 Processed: layout/_partial/after-footer.ejs
[debug] 22:19:05.232 Processed: layout/_partial/archive-post.ejs
[debug] 22:19:05.232 Processed: layout/_partial/archive.ejs
[debug] 22:19:05.232 Processed: layout/_partial/article.ejs
[debug] 22:19:05.232 Processed: layout/_partial/comment.ejs
[debug] 22:19:05.233 Processed: layout/_partial/footer.ejs
[debug] 22:19:05.233 Processed: layout/_partial/google-analytics.ejs
[debug] 22:19:05.233 Processed: layout/_partial/head.ejs
[debug] 22:19:05.233 Processed: layout/_partial/header.ejs
[debug] 22:19:05.233 Processed: layout/_partial/pagination.ejs
[debug] 22:19:05.233 Processed: layout/_partial/post/category.ejs
[debug] 22:19:05.233 Processed: layout/_partial/post/date.ejs
[debug] 22:19:05.233 Processed: layout/_partial/post/gallery.ejs
[debug] 22:19:05.233 Processed: layout/_partial/post/tag.ejs
[debug] 22:19:05.233 Processed: layout/_partial/post/title.ejs
[debug] 22:19:05.234 Theme config loaded
[debug] 22:19:05.234 Processed: _config.yml
[debug] 22:19:05.235 Processed: languages/default.yml
[debug] 22:19:05.235 Processed: languages/zh-CN.yml
[error] 22:19:05.238 { rawMessage: 'Unable to parse.',
  parsedLine: 3,
  snippet: 'tags:JAVA',
  parsedFile: null,
  message: 'Unable to parse.',
  domain: 
   { domain: null,
     _events: { error: [Function] },
     _maxListeners: 10,
     members: [],
     _disposed: true },
  domainThrown: true }